Build started 2017/8/23 16:40:33.
     1>Project "C:\Users\admin\Desktop\drawing\drawing\drawing.vcxproj" on node 2 (Rebuild target(s)).
     1>ClCompile:
         D:\software\visual_studio_ultimate_2013\VC\bin\CL.exe /c /Zi /nologo /W3 /WX- /sdl /O2 /Oi /Oy- /GL /D WIN32 /D NDEBUG /D _CONSOLE /D _LIB /D _CRT_SECURE_NO_WARNINGS /D _UNICODE /D UNICODE /Gm- /EHsc /MD /GS /Gy /fp:precise /Zc:wchar_t /Zc:forScope /Fo"Release\\" /Fd"Release\vc120.pdb" /Gd /TP /analyze- /errorReport:prompt /wd4430 drawing.cpp main.cpp matchShape.cpp RegionGrowing.cpp
         drawing.cpp
     1>drawing.cpp(41): warning C4018: '<' : signed/unsigned mismatch
     1>drawing.cpp(60): warning C4018: '<' : signed/unsigned mismatch
     1>drawing.cpp(70): warning C4018: '<' : signed/unsigned mismatch
     1>drawing.cpp(75): warning C4018: '<' : signed/unsigned mismatch
     1>drawing.cpp(89): warning C4018: '<' : signed/unsigned mismatch
     1>drawing.cpp(95): warning C4018: '<' : signed/unsigned mismatch
     1>drawing.cpp(102): warning C4018: '<' : signed/unsigned mismatch
     1>drawing.cpp(112): warning C4018: '<=' : signed/unsigned mismatch
     1>drawing.cpp(167): warning C4244: '=' : conversion from 'double' to 'float', possible loss of data
     1>drawing.cpp(178): warning C4244: 'argument' : conversion from 'float' to 'int', possible loss of data
     1>drawing.cpp(179): warning C4244: 'argument' : conversion from 'float' to 'int', possible loss of data
         main.cpp
     1>main.cpp(9): warning C4244: 'initializing' : conversion from 'double' to 'float', possible loss of data
         matchShape.cpp
     1>matchShape.cpp(28): warning C4018: '<' : signed/unsigned mismatch
         RegionGrowing.cpp
       Link:
         D:\software\visual_studio_ultimate_2013\VC\bin\link.exe /ERRORREPORT:PROMPT /OUT:"C:\Users\admin\Desktop\drawing\Release\drawing.exe" /INCREMENTAL:NO /NOLOGO /LIBPATH:\lib kinect20.lib CommonUtil31D.lib kernel32.lib user32.lib gdi32.lib winspool.lib comdlg32.lib advapi32.lib shell32.lib ole32.lib oleaut32.lib uuid.lib odbc32.lib odbccp32.lib /MANIFEST /MANIFESTUAC:"level='asInvoker' uiAccess='false'" /manifest:embed /DEBUG /PDB:"C:\Users\admin\Desktop\drawing\Release\drawing.pdb" /SUBSYSTEM:CONSOLE /OPT:REF /OPT:ICF /LTCG /TLBID:1 /DYNAMICBASE /NXCOMPAT /IMPLIB:"C:\Users\admin\Desktop\drawing\Release\drawing.lib" /MACHINE:X86 /SAFESEH Release\drawing.obj
         Release\main.obj
         Release\matchShape.obj
         Release\RegionGrowing.obj
         Generating code
         Finished generating code
         drawing.vcxproj -> C:\Users\admin\Desktop\drawing\Release\drawing.exe
     1>Done Building Project "C:\Users\admin\Desktop\drawing\drawing\drawing.vcxproj" (Rebuild target(s)).

Build succeeded.

Time Elapsed 00:00:03.28
