Build started 2017/8/21 14:32:45.
     1>Project "C:\Users\admin\Desktop\drawing\drawing\drawing.vcxproj" on node 2 (Build target(s)).
     1>ClCompile:
         D:\software\visual_studio_ultimate_2013\VC\bin\CL.exe /c /ZI /nologo /W3 /WX- /sdl /Od /Oy- /D WIN32 /D _DEBUG /D _CONSOLE /D _LIB /D _CRT_SECURE_NO_WARNINGS /D _UNICODE /D UNICODE /Gm /EHsc /RTC1 /MDd /GS /fp:precise /Zc:wchar_t /Zc:forScope /Fo"Debug\\" /Fd"Debug\vc120.pdb" /Gd /TP /analyze- /errorReport:prompt drawing.cpp main.cpp matchShape.cpp
         matchShape.cpp
     1>c:\users\admin\desktop\drawing\drawing\matchshape.cpp(28): warning C4018: '<' : signed/unsigned mismatch
         main.cpp
     1>c:\users\admin\desktop\drawing\drawing\main.cpp(9): warning C4244: 'initializing' : conversion from 'double' to 'float', possible loss of data
         drawing.cpp
     1>c:\users\admin\desktop\drawing\drawing\drawing.cpp(19): warning C4018: '<' : signed/unsigned mismatch
     1>c:\users\admin\desktop\drawing\drawing\drawing.cpp(28): warning C4018: '<' : signed/unsigned mismatch
     1>c:\users\admin\desktop\drawing\drawing\drawing.cpp(34): warning C4018: '<' : signed/unsigned mismatch
     1>c:\users\admin\desktop\drawing\drawing\drawing.cpp(48): warning C4018: '<' : signed/unsigned mismatch
     1>c:\users\admin\desktop\drawing\drawing\drawing.cpp(56): warning C4018: '<' : signed/unsigned mismatch
     1>c:\users\admin\desktop\drawing\drawing\drawing.cpp(61): warning C4018: '<' : signed/unsigned mismatch
     1>c:\users\admin\desktop\drawing\drawing\drawing.cpp(76): warning C4018: '<' : signed/unsigned mismatch
     1>c:\users\admin\desktop\drawing\drawing\drawing.cpp(84): warning C4018: '<=' : signed/unsigned mismatch
     1>c:\users\admin\desktop\drawing\drawing\drawing.cpp(133): warning C4244: '=' : conversion from 'double' to 'float', possible loss of data
     1>c:\users\admin\desktop\drawing\drawing\drawing.cpp(144): warning C4244: 'argument' : conversion from 'float' to 'int', possible loss of data
     1>c:\users\admin\desktop\drawing\drawing\drawing.cpp(145): warning C4244: 'argument' : conversion from 'float' to 'int', possible loss of data
     1>c:\users\admin\desktop\drawing\drawing\drawing.cpp(119): warning C4101: 'm_iTempThreshold' : unreferenced local variable
         Generating Code...
       Link:
         D:\software\visual_studio_ultimate_2013\VC\bin\link.exe /ERRORREPORT:PROMPT /OUT:"C:\Users\admin\Desktop\drawing\Debug\drawing.exe" /INCREMENTAL /NOLOGO /LIBPATH:\lib kinect20.lib kernel32.lib user32.lib gdi32.lib winspool.lib comdlg32.lib advapi32.lib shell32.lib ole32.lib oleaut32.lib uuid.lib odbc32.lib odbccp32.lib /MANIFEST /MANIFESTUAC:"level='asInvoker' uiAccess='false'" /manifest:embed /DEBUG /PDB:"C:\Users\admin\Desktop\drawing\Debug\drawing.pdb" /SUBSYSTEM:CONSOLE /TLBID:1 /DYNAMICBASE /NXCOMPAT /IMPLIB:"C:\Users\admin\Desktop\drawing\Debug\drawing.lib" /MACHINE:X86 Debug\drawing.obj
         Debug\main.obj
         Debug\matchShape.obj
         drawing.vcxproj -> C:\Users\admin\Desktop\drawing\Debug\drawing.exe
     1>Done Building Project "C:\Users\admin\Desktop\drawing\drawing\drawing.vcxproj" (Build target(s)).

Build succeeded.

Time Elapsed 00:00:03.04
