Build started 2017/8/15 16:59:58.
     1>Project "C:\Users\admin\Desktop\code\controlCamera\controlCamera\controlCamera.vcxproj" on node 2 (Build target(s)).
     1>ClCompile:
         D:\software\visual_studio_ultimate_2013\VC\bin\CL.exe /c /Zi /nologo /W3 /WX- /sdl /O2 /Oi /Oy- /GL /D WIN32 /D NDEBUG /D _CONSOLE /D _LIB /D BOOST_ALL_DYN_LINK /D _CRT_SECURE_NO_WARNINGS /D _UNICODE /D UNICODE /Gm- /EHsc /MD /GS /Gy /fp:precise /Zc:wchar_t /Zc:forScope /Fo"Release\\" /Fd"Release\vc120.pdb" /Gd /TP /analyze- /errorReport:prompt deskMedia.cpp FastUDP\MFastUDP.cpp FastUDP\MParamReader.cpp machineReader.cpp main.cpp remapImage.cpp
         deskMedia.cpp
     1>c:\users\admin\desktop\code\controlcamera\controlcamera\PM_Hub.h(85): warning C4251: 'PM_Hub::m_baseItem' : class 'std::vector<BaseItem *,std::allocator<_Ty>>' needs to have dll-interface to be used by clients of class 'PM_Hub'
                 with
                 [
                     _Ty=BaseItem *
                 ]
     1>c:\users\admin\desktop\code\controlcamera\controlcamera\PM_Hub.h(86): warning C4251: 'PM_Hub::m_lock' : class 'boost::mutex' needs to have dll-interface to be used by clients of class 'PM_Hub'
                 C:\3rdparty\boost\boost/thread/win32/mutex.hpp(25) : see declaration of 'boost::mutex'
     1>c:\users\admin\desktop\code\controlcamera\controlcamera\PM_Hub.h(94): warning C4251: 'PM_Hub::m_vecQIDerase' : class 'std::vector<int,std::allocator<_Ty>>' needs to have dll-interface to be used by clients of class 'PM_Hub'
                 with
                 [
                     _Ty=int
                 ]
     1>c:\users\admin\desktop\code\controlcamera\controlcamera\PM_Hub.h(109): warning C4251: 'PM_Hub::m_mapFeedback' : class 'std::map<std::string,int,std::less<_Kty>,std::allocator<std::pair<const _Kty,_Ty>>>' needs to have dll-interface to be used by clients of class 'PM_Hub'
                 with
                 [
                     _Kty=std::string
         ,            _Ty=int
                 ]
     1>c:\users\admin\desktop\code\controlcamera\controlcamera\PM_Hub.h(111): warning C4251: 'PM_Hub::m_feedbackTempMedia' : class 'std::basic_string<char,std::char_traits<char>,std::allocator<char>>' needs to have dll-interface to be used by clients of class 'PM_Hub'
     1>c:\users\admin\desktop\code\controlcamera\controlcamera\PM_Hub.h(115): warning C4251: 'PM_Hub::uniqueIdZ' : class 'std::map<int,LONGLONG,std::less<_Kty>,std::allocator<std::pair<const _Kty,_Ty>>>' needs to have dll-interface to be used by clients of class 'PM_Hub'
                 with
                 [
                     _Kty=int
         ,            _Ty=LONGLONG
                 ]
     1>c:\users\admin\desktop\code\controlcamera\controlcamera\PM_Hub.h(116): warning C4251: 'PM_Hub::m_ListID' : class 'std::list<int,std::allocator<_Ty>>' needs to have dll-interface to be used by clients of class 'PM_Hub'
                 with
                 [
                     _Ty=int
                 ]
     1>c:\users\admin\desktop\code\controlcamera\controlcamera\PM_Hub.h(117): warning C4251: 'PM_Hub::m_szSendID' : class 'std::basic_string<char,std::char_traits<char>,std::allocator<char>>' needs to have dll-interface to be used by clients of class 'PM_Hub'
     1>c:\users\admin\desktop\code\controlcamera\controlcamera\PM_Hub.h(118): warning C4251: 'PM_Hub::m_szReceiveID' : class 'std::basic_string<char,std::char_traits<char>,std::allocator<char>>' needs to have dll-interface to be used by clients of class 'PM_Hub'
     1>c:\users\admin\desktop\code\controlcamera\controlcamera\PM_Hub.h(119): warning C4251: 'PM_Hub::m_szSUMSHeader' : class 'std::basic_string<char,std::char_traits<char>,std::allocator<char>>' needs to have dll-interface to be used by clients of class 'PM_Hub'
     1>deskMedia.cpp(196): warning C4809: switch statement has redundant 'default' label; all possible 'case' labels are given
     1>deskMedia.cpp(247): warning C4244: 'argument' : conversion from 'int' to 'float', possible loss of data
     1>deskMedia.cpp(261): warning C4244: 'argument' : conversion from 'int' to 'float', possible loss of data
     1>deskMedia.cpp(280): warning C4244: 'argument' : conversion from 'int' to 'float', possible loss of data
     1>deskMedia.cpp(293): warning C4244: 'argument' : conversion from 'int' to 'float', possible loss of data
     1>deskMedia.cpp(320): warning C4018: '<' : signed/unsigned mismatch
         MFastUDP.cpp
         Please define _WIN32_WINNT or _WIN32_WINDOWS appropriately. For example:
         - add -D_WIN32_WINNT=0x0501 to the compiler command line; or
         - add _WIN32_WINNT=0x0501 to your project's Preprocessor Definitions.
         Assuming _WIN32_WINNT=0x0501 (i.e. Windows XP target).
     1>FastUDP\MFastUDP.cpp(21): warning C4018: '<' : signed/unsigned mismatch
     1>FastUDP\MFastUDP.cpp(89): warning C4018: '<' : signed/unsigned mismatch
         MParamReader.cpp
         machineReader.cpp
         Please define _WIN32_WINNT or _WIN32_WINDOWS appropriately. For example:
         - add -D_WIN32_WINNT=0x0501 to the compiler command line; or
         - add _WIN32_WINNT=0x0501 to your project's Preprocessor Definitions.
         Assuming _WIN32_WINNT=0x0501 (i.e. Windows XP target).
     1>c:\users\admin\desktop\code\controlcamera\controlcamera\fastudp\MParamReader.h(13): warning C4005: 'MAX' : macro redefinition
                 d:\software\opencv2.4.10\build\include\opencv2/core/types_c.h(291) : see previous definition of 'MAX'
     1>machineReader.cpp(31): warning C4244: '=' : conversion from 'double' to 'float', possible loss of data
     1>machineReader.cpp(69): warning C4244: '=' : conversion from 'int' to 'float', possible loss of data
     1>machineReader.cpp(78): warning C4244: '=' : conversion from 'int' to 'float', possible loss of data
         main.cpp
     1>c:\users\admin\desktop\code\controlcamera\controlcamera\PM_Hub.h(85): warning C4251: 'PM_Hub::m_baseItem' : class 'std::vector<BaseItem *,std::allocator<_Ty>>' needs to have dll-interface to be used by clients of class 'PM_Hub'
                 with
                 [
                     _Ty=BaseItem *
                 ]
     1>c:\users\admin\desktop\code\controlcamera\controlcamera\PM_Hub.h(86): warning C4251: 'PM_Hub::m_lock' : class 'boost::mutex' needs to have dll-interface to be used by clients of class 'PM_Hub'
                 C:\3rdparty\boost\boost/thread/win32/mutex.hpp(25) : see declaration of 'boost::mutex'
     1>c:\users\admin\desktop\code\controlcamera\controlcamera\PM_Hub.h(94): warning C4251: 'PM_Hub::m_vecQIDerase' : class 'std::vector<int,std::allocator<_Ty>>' needs to have dll-interface to be used by clients of class 'PM_Hub'
                 with
                 [
                     _Ty=int
                 ]
     1>c:\users\admin\desktop\code\controlcamera\controlcamera\PM_Hub.h(109): warning C4251: 'PM_Hub::m_mapFeedback' : class 'std::map<std::string,int,std::less<_Kty>,std::allocator<std::pair<const _Kty,_Ty>>>' needs to have dll-interface to be used by clients of class 'PM_Hub'
                 with
                 [
                     _Kty=std::string
         ,            _Ty=int
                 ]
     1>c:\users\admin\desktop\code\controlcamera\controlcamera\PM_Hub.h(111): warning C4251: 'PM_Hub::m_feedbackTempMedia' : class 'std::basic_string<char,std::char_traits<char>,std::allocator<char>>' needs to have dll-interface to be used by clients of class 'PM_Hub'
     1>c:\users\admin\desktop\code\controlcamera\controlcamera\PM_Hub.h(115): warning C4251: 'PM_Hub::uniqueIdZ' : class 'std::map<int,LONGLONG,std::less<_Kty>,std::allocator<std::pair<const _Kty,_Ty>>>' needs to have dll-interface to be used by clients of class 'PM_Hub'
                 with
                 [
                     _Kty=int
         ,            _Ty=LONGLONG
                 ]
     1>c:\users\admin\desktop\code\controlcamera\controlcamera\PM_Hub.h(116): warning C4251: 'PM_Hub::m_ListID' : class 'std::list<int,std::allocator<_Ty>>' needs to have dll-interface to be used by clients of class 'PM_Hub'
                 with
                 [
                     _Ty=int
                 ]
     1>c:\users\admin\desktop\code\controlcamera\controlcamera\PM_Hub.h(117): warning C4251: 'PM_Hub::m_szSendID' : class 'std::basic_string<char,std::char_traits<char>,std::allocator<char>>' needs to have dll-interface to be used by clients of class 'PM_Hub'
     1>c:\users\admin\desktop\code\controlcamera\controlcamera\PM_Hub.h(118): warning C4251: 'PM_Hub::m_szReceiveID' : class 'std::basic_string<char,std::char_traits<char>,std::allocator<char>>' needs to have dll-interface to be used by clients of class 'PM_Hub'
     1>c:\users\admin\desktop\code\controlcamera\controlcamera\PM_Hub.h(119): warning C4251: 'PM_Hub::m_szSUMSHeader' : class 'std::basic_string<char,std::char_traits<char>,std::allocator<char>>' needs to have dll-interface to be used by clients of class 'PM_Hub'
         remapImage.cpp
       Link:
         D:\software\visual_studio_ultimate_2013\VC\bin\link.exe /ERRORREPORT:PROMPT /OUT:"C:\Users\admin\Desktop\code\controlCamera\Release\controlCamera.exe" /INCREMENTAL:NO /NOLOGO /LIBPATH:\lib kinect20.lib kernel32.lib user32.lib gdi32.lib winspool.lib comdlg32.lib advapi32.lib shell32.lib ole32.lib oleaut32.lib uuid.lib odbc32.lib odbccp32.lib /MANIFEST /MANIFESTUAC:"level='asInvoker' uiAccess='false'" /manifest:embed /DEBUG /PDB:"C:\Users\admin\Desktop\code\controlCamera\Release\controlCamera.pdb" /SUBSYSTEM:CONSOLE /OPT:REF /OPT:ICF /LTCG /TLBID:1 /DYNAMICBASE /NXCOMPAT /IMPLIB:"C:\Users\admin\Desktop\code\controlCamera\Release\controlCamera.lib" /MACHINE:X86 /SAFESEH Release\deskMedia.obj
         Release\MFastUDP.obj
         Release\MParamReader.obj
         Release\machineReader.obj
         Release\main.obj
         Release\remapImage.obj
         Generating code
         Finished generating code
         controlCamera.vcxproj -> C:\Users\admin\Desktop\code\controlCamera\Release\controlCamera.exe
     1>Done Building Project "C:\Users\admin\Desktop\code\controlCamera\controlCamera\controlCamera.vcxproj" (Build target(s)).

Build succeeded.

Time Elapsed 00:00:11.61
